<?xml version="1.0" encoding="UTF-8"?>
<!-- Generated by org.testng.reporters.JUnitReportReporter -->
<testsuite hostname="APT04-1DKF7G3" failures="0" tests="1" name="javaPractice.collections.Arraylist" time="0.006" errors="0" timestamp="2024-07-01T20:52:41 IST" skipped="0">
  <testcase classname="javaPractice.collections.Arraylist" name="arraylist" time="0.006"/>
</testsuite> <!-- javaPractice.collections.Arraylist -->
