<?xml version="1.0" encoding="UTF-8"?>
<!-- Generated by org.testng.reporters.JUnitReportReporter -->
<testsuite hostname="APT04-1DKF7G3" failures="0" tests="6" name="javaPractice.practicedaywhileloop.day4" time="0.011" errors="0" timestamp="2024-07-02T09:08:09 IST" skipped="0">
  <testcase classname="javaPractice.practicedaywhileloop.day4" name="string5" time="0.001"/>
  <testcase classname="javaPractice.practicedaywhileloop.day4" name="string1" time="0.001"/>
  <testcase classname="javaPractice.practicedaywhileloop.day4" name="String6" time="0.001"/>
  <testcase classname="javaPractice.practicedaywhileloop.day4" name="string4" time="0.001"/>
  <testcase classname="javaPractice.practicedaywhileloop.day4" name="String3" time="0.002"/>
  <testcase classname="javaPractice.practicedaywhileloop.day4" name="String2" time="0.005"/>
</testsuite> <!-- javaPractice.practicedaywhileloop.day4 -->
