<?xml version="1.0" encoding="UTF-8"?>
<!-- Generated by org.testng.reporters.JUnitReportReporter -->
<testsuite hostname="APT04-1DKF7G3" failures="0" tests="3" name="javaPractice.practiceday1.day1" time="0.015" errors="0" timestamp="2024-06-26T08:48:40 IST" skipped="0">
  <testcase classname="javaPractice.practiceday1.day1" name="oddNumbers" time="0.011"/>
  <testcase classname="javaPractice.practiceday1.day1" name="printevennumbers" time="0.003"/>
  <testcase classname="javaPractice.practiceday1.day1" name="printnNaturalnumbers" time="0.001"/>
</testsuite> <!-- javaPractice.practiceday1.day1 -->
