<?xml version="1.0" encoding="UTF-8"?>
<!-- Generated by org.testng.reporters.JUnitReportReporter -->
<testsuite hostname="APT04-1DKF7G3" failures="0" tests="6" name="javaPractice.practicedaywhileloop.day2" time="0.015" errors="0" timestamp="2024-06-27T09:02:02 IST" skipped="0">
  <testcase classname="javaPractice.practicedaywhileloop.day2" name="pattern3" time="0.001"/>
  <testcase classname="javaPractice.practicedaywhileloop.day2" name="multiply" time="0.009"/>
  <testcase classname="javaPractice.practicedaywhileloop.day2" name="numbers" time="0.002"/>
  <testcase classname="javaPractice.practicedaywhileloop.day2" name="pattern2" time="0.001"/>
  <testcase classname="javaPractice.practicedaywhileloop.day2" name="pattern4" time="0.001"/>
  <testcase classname="javaPractice.practicedaywhileloop.day2" name="pattern" time="0.001"/>
</testsuite> <!-- javaPractice.practicedaywhileloop.day2 -->
