<?xml version="1.0" encoding="UTF-8"?>
<!-- Generated by org.testng.reporters.JUnitReportReporter -->
<testsuite hostname="APT04-1DKF7G3" failures="0" tests="6" name="javaPractice.practicedaywhileloop.day3" time="0.017" errors="0" timestamp="2024-07-01T09:29:17 IST" skipped="0">
  <testcase classname="javaPractice.practicedaywhileloop.day3" name="array4" time="0.002"/>
  <testcase classname="javaPractice.practicedaywhileloop.day3" name="array3" time="0.002"/>
  <testcase classname="javaPractice.practicedaywhileloop.day3" name="array5" time="0.003"/>
  <testcase classname="javaPractice.practicedaywhileloop.day3" name="max" time="0.001"/>
  <testcase classname="javaPractice.practicedaywhileloop.day3" name="array2" time="0.001"/>
  <testcase classname="javaPractice.practicedaywhileloop.day3" name="array1" time="0.008"/>
</testsuite> <!-- javaPractice.practicedaywhileloop.day3 -->
