<?xml version="1.0" encoding="UTF-8"?>
<!-- Generated by org.testng.reporters.JUnitReportReporter -->
<testsuite hostname="APT04-1DKF7G3" failures="0" tests="4" name="javaPractice.practicedaywhileloop.day1" time="0.026" errors="0" timestamp="2024-06-26T09:01:25 IST" skipped="0">
  <testcase classname="javaPractice.practicedaywhileloop.day1" name="oddNumbers" time="0.019"/>
  <testcase classname="javaPractice.practicedaywhileloop.day1" name="printnNaturalnumbers" time="0.002"/>
  <testcase classname="javaPractice.practicedaywhileloop.day1" name="printnaturalnumbersinreverseorder" time="0.002"/>
  <testcase classname="javaPractice.practicedaywhileloop.day1" name="printevennumbers" time="0.003"/>
</testsuite> <!-- javaPractice.practicedaywhileloop.day1 -->
